<?xml version="1.0" encoding="UTF-8"?>
<!-- Generated by org.testng.reporters.JUnitReportReporter -->
<testsuite hostname="Pramod" failures="0" tests="1" name="testcases.AddingToCartTestCase" time="12.090" errors="0" timestamp="2024-05-29T03:09:39 IST" skipped="0">
  <testcase classname="testcases.AddingToCartTestCase" name="VerifyProductAddingToCart" time="12.090"/>
  <system-out/>
</testsuite> <!-- testcases.AddingToCartTestCase -->
