<?xml version="1.0" encoding="UTF-8"?>
<!-- Generated by org.testng.reporters.JUnitReportReporter -->
<testsuite hostname="Pramod" failures="0" tests="2" name="testcases.VeriyLoginTestCases" time="19.233" errors="0" timestamp="2024-05-29T03:09:39 IST" skipped="0">
  <testcase classname="testcases.VeriyLoginTestCases" name="verifyLoginithInValidData" time="9.836"/>
  <system-out/>
  <testcase classname="testcases.VeriyLoginTestCases" name="verifyLoginithValidData" time="9.397"/>
  <system-out/>
</testsuite> <!-- testcases.VeriyLoginTestCases -->
