<?xml version="1.0" encoding="UTF-8"?>
<!-- Generated by org.testng.reporters.JUnitReportReporter -->
<testsuite hostname="Pramod" failures="0" tests="2" name="testcases.VerifyRegisterationTestCases" time="20.047" errors="0" timestamp="2024-05-29T03:09:39 IST" skipped="0">
  <testcase classname="testcases.VerifyRegisterationTestCases" name="verifyRegisterationWithValidData" time="12.383"/>
  <system-out/>
  <testcase classname="testcases.VerifyRegisterationTestCases" name="verifyRegisterationWithInValidData" time="7.664"/>
  <system-out/>
</testsuite> <!-- testcases.VerifyRegisterationTestCases -->
